#
# There is insufficient memory for the Java Runtime Environment to continue.
# Native memory allocation (malloc) failed to allocate 1522736 bytes. Error detail: Chunk::new
# Possible reasons:
#   The system is out of physical RAM or swap space
#   This process is running with CompressedOops enabled, and the Java Heap may be blocking the growth of the native heap
# Possible solutions:
#   Reduce memory load on the system
#   Increase physical memory or swap space
#   Check if swap backing store is full
#   Decrease Java heap size (-Xmx/-Xms)
#   Decrease number of Java threads
#   Decrease Java thread stack sizes (-Xss)
#   Set larger code cache with -XX:ReservedCodeCacheSize=
#   JVM is running with Unscaled Compressed Oops mode in which the Java heap is
#     placed in the first 4GB address space. The Java Heap base address is the
#     maximum limit for the native heap growth. Please use -XX:HeapBaseMinAddress
#     to set the Java Heap base and to place the Java Heap above 4GB virtual address.
# This output file may be truncated or incomplete.
#
#  Out of Memory Error (arena.cpp:168), pid=30168, tid=10128
#
# JRE version: OpenJDK Runtime Environment Temurin-21.0.10+7 (21.0.10+7) (build 21.0.10+7-LTS)
# Java VM: OpenJDK 64-Bit Server VM Temurin-21.0.10+7 (21.0.10+7-LTS, mixed mode, sharing, tiered, compressed oops, compressed class ptrs, g1 gc, windows-amd64)
# No core dump will be written. Minidumps are not enabled by default on client versions of Windows
#

---------------  S U M M A R Y ------------

Command Line: -ea -Dfile.encoding=UTF-8 -Dstdout.encoding=UTF-8 -Dstderr.encoding=UTF-8 -XX:+ShowCodeDetailsInExceptionMessages org.testng.remote.RemoteTestNG -serport 57011 -protocol json -d D:\Dev\Learning Java\OpenCart\test-output D:\Dev\Learning Java\OpenCart\Grouping.xml

Host: Intel(R) Core(TM) i3-10110U CPU @ 2.10GHz, 4 cores, 7G,  Windows 11 , 64 bit Build 26100 (10.0.26100.8521)
Time: Fri Jun 12 05:19:20 2026 India Standard Time elapsed time: 7.749500 seconds (0d 0h 0m 7s)

---------------  T H R E A D  ---------------

Current thread (0x000001f81ab0ea40):  JavaThread "C2 CompilerThread0" daemon [_thread_in_native, id=10128, stack(0x0000004120200000,0x0000004120300000) (1024K)]


Current CompileTask:
C2:7749 2600   !   4       jdk.internal.loader.BuiltinClassLoader::loadClassOrNull (143 bytes)

Stack: [0x0000004120200000,0x0000004120300000]
Native frames: (J=compiled Java code, j=interpreted, Vv=VM code, C=native code)
V  [jvm.dll+0x6d7a39]
V  [jvm.dll+0x8b4b26]
V  [jvm.dll+0x8b70de]
V  [jvm.dll+0x8b77c3]
V  [jvm.dll+0x284346]
V  [jvm.dll+0xc66ed]
V  [jvm.dll+0xc6c31]
V  [jvm.dll+0x3bec01]
V  [jvm.dll+0x38b162]
V  [jvm.dll+0x38a5aa]
V  [jvm.dll+0x24c560]
V  [jvm.dll+0x24bb40]
V  [jvm.dll+0x1cb34e]
V  [jvm.dll+0x25b85d]
V  [jvm.dll+0x259dea]
V  [jvm.dll+0x3f857e]
V  [jvm.dll+0x85f59d]
V  [jvm.dll+0x6d626d]
C  [ucrtbase.dll+0x2cd30]
C  [KERNEL32.DLL+0x2e957]
C  [ntdll.dll+0x87c1c]


---------------  P R O C E S S  ---------------

Threads class SMR info:
_java_thread_list=0x000001f860165320, length=26, elements={
0x000001f80111fd40, 0x000001f81aae55c0, 0x000001f81aae7fd0, 0x000001f81aae8640,
0x000001f81aae93a0, 0x000001f81ab0da30, 0x000001f81ab0e0a0, 0x000001f81ab0ea40,
0x000001f81ab582b0, 0x000001f81ac69290, 0x000001f81ac73290, 0x000001f8603aa830,
0x000001f860a4b8b0, 0x000001f860670fc0, 0x000001f861090a10, 0x000001f860e28440,
0x000001f860d5b740, 0x000001f860e26bb0, 0x000001f86122ef80, 0x000001f861230330,
0x000001f86122e260, 0x000001f86122fca0, 0x000001f86122e8f0, 0x000001f86122d540,
0x000001f86122dbd0, 0x000001f81ad4ddb0
}

Java Threads: ( => current thread )
  0x000001f80111fd40 JavaThread "main"                              [_thread_blocked, id=7524, stack(0x000000411f400000,0x000000411f500000) (1024K)]
  0x000001f81aae55c0 JavaThread "Reference Handler"          daemon [_thread_blocked, id=7568, stack(0x000000411fc00000,0x000000411fd00000) (1024K)]
  0x000001f81aae7fd0 JavaThread "Finalizer"                  daemon [_thread_blocked, id=5736, stack(0x000000411fd00000,0x000000411fe00000) (1024K)]
  0x000001f81aae8640 JavaThread "Signal Dispatcher"          daemon [_thread_blocked, id=24976, stack(0x000000411fe00000,0x000000411ff00000) (1024K)]
  0x000001f81aae93a0 JavaThread "Attach Listener"            daemon [_thread_blocked, id=29428, stack(0x000000411ff00000,0x0000004120000000) (1024K)]
  0x000001f81ab0da30 JavaThread "Service Thread"             daemon [_thread_blocked, id=28200, stack(0x0000004120000000,0x0000004120100000) (1024K)]
  0x000001f81ab0e0a0 JavaThread "Monitor Deflation Thread"   daemon [_thread_blocked, id=28312, stack(0x0000004120100000,0x0000004120200000) (1024K)]
=>0x000001f81ab0ea40 JavaThread "C2 CompilerThread0"         daemon [_thread_in_native, id=10128, stack(0x0000004120200000,0x0000004120300000) (1024K)]
  0x000001f81ab582b0 JavaThread "C1 CompilerThread0"         daemon [_thread_blocked, id=27844, stack(0x0000004120300000,0x0000004120400000) (1024K)]
  0x000001f81ac69290 JavaThread "Notification Thread"        daemon [_thread_blocked, id=10000, stack(0x0000004120400000,0x0000004120500000) (1024K)]
  0x000001f81ac73290 JavaThread "Common-Cleaner"             daemon [_thread_blocked, id=26460, stack(0x0000004120500000,0x0000004120600000) (1024K)]
  0x000001f8603aa830 JavaThread "ReaderThread"                      [_thread_in_native, id=16516, stack(0x0000004120800000,0x0000004120900000) (1024K)]
  0x000001f860a4b8b0 JavaThread "ForkJoinPool.commonPool-worker-1" daemon [_thread_blocked, id=24892, stack(0x0000004120c00000,0x0000004120d00000) (1024K)]
  0x000001f860670fc0 JavaThread "ForkJoinPool.commonPool-worker-2" daemon [_thread_blocked, id=20516, stack(0x0000004120d00000,0x0000004120e00000) (1024K)]
  0x000001f861090a10 JavaThread "AsyncHttpClient-1-1"        daemon [_thread_blocked, id=12332, stack(0x0000004120600000,0x0000004120700000) (1024K)]
  0x000001f860e28440 JavaThread "Exec Default Executor"      daemon [_thread_in_native, id=24840, stack(0x0000004120f00000,0x0000004121000000) (1024K)]
  0x000001f860d5b740 JavaThread "Exec Stream Pumper"         daemon [_thread_in_native, id=24444, stack(0x0000004121000000,0x0000004121100000) (1024K)]
  0x000001f860e26bb0 JavaThread "Exec Stream Pumper"         daemon [_thread_in_native, id=18428, stack(0x0000004121100000,0x0000004121200000) (1024K)]
  0x000001f86122ef80 JavaThread "Driver Service Executor"    daemon [_thread_blocked, id=6548, stack(0x0000004120e00000,0x0000004120f00000) (1024K)]
  0x000001f861230330 JavaThread "Driver Service Executor"    daemon [_thread_blocked, id=14044, stack(0x0000004121200000,0x0000004121300000) (1024K)]
  0x000001f86122e260 JavaThread "UrlChecker-2"               daemon [_thread_blocked, id=30108, stack(0x0000004121300000,0x0000004121400000) (1024K)]
  0x000001f86122fca0 JavaThread "Keep-Alive-Timer"           daemon [_thread_blocked, id=29756, stack(0x0000004121400000,0x0000004121500000) (1024K)]
  0x000001f86122e8f0 JavaThread "AsyncHttpClient-1-2"        daemon [_thread_in_native, id=29992, stack(0x0000004121500000,0x0000004121600000) (1024K)]
  0x000001f86122d540 JavaThread "AsyncHttpClient-1-3"        daemon [_thread_in_native, id=30340, stack(0x0000004121600000,0x0000004121700000) (1024K)]
  0x000001f86122dbd0 JavaThread "AsyncHttpClient-1-4"        daemon [_thread_in_vm, id=28240, stack(0x0000004121700000,0x0000004121800000) (1024K)]
  0x000001f81ad4ddb0 JavaThread "C2 CompilerThread1"         daemon [_thread_in_native, id=28972, stack(0x0000004121800000,0x0000004121900000) (1024K)]
Total: 26

Other Threads:
  0x000001f81aacc620 VMThread "VM Thread"                           [id=30000, stack(0x000000411fb00000,0x000000411fc00000) (1024K)]
  0x000001f81aab85f0 WatcherThread "VM Periodic Task Thread"        [id=18624, stack(0x000000411fa00000,0x000000411fb00000) (1024K)]
  0x000001f80357fc20 WorkerThread "GC Thread#0"                     [id=5388, stack(0x000000411f500000,0x000000411f600000) (1024K)]
  0x000001f8603ab210 WorkerThread "GC Thread#1"                     [id=27200, stack(0x0000004120900000,0x0000004120a00000) (1024K)]
  0x000001f8603ab5c0 WorkerThread "GC Thread#2"                     [id=22516, stack(0x0000004120a00000,0x0000004120b00000) (1024K)]
  0x000001f8606d6090 WorkerThread "GC Thread#3"                     [id=24224, stack(0x0000004120b00000,0x0000004120c00000) (1024K)]
  0x000001f803590620 ConcurrentGCThread "G1 Main Marker"            [id=25668, stack(0x000000411f600000,0x000000411f700000) (1024K)]
  0x000001f803592660 WorkerThread "G1 Conc#0"                       [id=29616, stack(0x000000411f700000,0x000000411f800000) (1024K)]
  0x000001f8035de870 ConcurrentGCThread "G1 Refine#0"               [id=24052, stack(0x000000411f800000,0x000000411f900000) (1024K)]
  0x000001f81a98a140 ConcurrentGCThread "G1 Service"                [id=30276, stack(0x000000411f900000,0x000000411fa00000) (1024K)]
Total: 10

Threads with active compile tasks:
C2 CompilerThread0  7777 2600   !   4       jdk.internal.loader.BuiltinClassLoader::loadClassOrNull (143 bytes)
C2 CompilerThread1  7777 2639       4       java.util.HashSet::add (20 bytes)
Total: 2

VM state: not at safepoint (normal execution)

VM Mutex/Monitor currently owned by a thread: None

Heap address: 0x0000000082800000, size: 2008 MB, Compressed Oops mode: 32-bit

CDS archive(s) mapped at: [0x000001f81b000000-0x000001f81bc80000-0x000001f81bc80000), size 13107200, SharedBaseAddress: 0x000001f81b000000, ArchiveRelocationMode: 1.
Compressed class space mapped at: 0x000001f81c000000-0x000001f85c000000, reserved size: 1073741824
Narrow klass base: 0x000001f81b000000, Narrow klass shift: 0, Narrow klass range: 0x100000000

GC Precious Log:
 CardTable entry size: 512
 Card Set container configuration: InlinePtr #cards 5 size 8 Array Of Cards #cards 12 size 40 Howl #buckets 4 coarsen threshold 1843 Howl Bitmap #cards 512 size 80 coarsen threshold 460 Card regions per heap region 1 cards per card region 2048
 CPUs: 4 total, 4 available
 Memory: 8026M
 Large Page Support: Disabled
 NUMA Support: Disabled
 Compressed Oops: Enabled (32-bit)
 Heap Region Size: 1M
 Heap Min Capacity: 8M
 Heap Initial Capacity: 126M
 Heap Max Capacity: 2008M
 Pre-touch: Disabled
 Parallel Workers: 4
 Concurrent Workers: 1
 Concurrent Refinement Workers: 4
 Periodic GC: Disabled

Heap:
 garbage-first heap   total 44032K, used 19510K [0x0000000082800000, 0x0000000100000000)
  region size 1024K, 4 young (4096K), 2 survivors (2048K)
 Metaspace       used 27004K, committed 27520K, reserved 1114112K
  class space    used 3424K, committed 3648K, reserved 1048576K

Heap Regions: E=young(eden), S=young(survivor), O=old, HS=humongous(starts), HC=humongous(continues), CS=collection set, F=free, TAMS=top-at-mark-start, PB=parsable bottom
|   0|0x0000000082800000, 0x0000000082900000, 0x0000000082900000|100%| O|  |TAMS 0x0000000082800000| PB 0x0000000082800000| Untracked 
|   1|0x0000000082900000, 0x0000000082a00000, 0x0000000082a00000|100%| O|  |TAMS 0x0000000082900000| PB 0x0000000082900000| Untracked 
|   2|0x0000000082a00000, 0x0000000082b00000, 0x0000000082b00000|100%| O|  |TAMS 0x0000000082a00000| PB 0x0000000082a00000| Untracked 
|   3|0x0000000082b00000, 0x0000000082c00000, 0x0000000082c00000|100%| O|  |TAMS 0x0000000082b00000| PB 0x0000000082b00000| Untracked 
|   4|0x0000000082c00000, 0x0000000082d00000, 0x0000000082d00000|100%| O|  |TAMS 0x0000000082c00000| PB 0x0000000082c00000| Untracked 
|   5|0x0000000082d00000, 0x0000000082dcaa30, 0x0000000082e00000| 79%| O|Cm|TAMS 0x0000000082d00000| PB 0x0000000082d00000| Complete 
|   6|0x0000000082e00000, 0x0000000082f00000, 0x0000000082f00000|100%|HS|  |TAMS 0x0000000082e00000| PB 0x0000000082e00000| Complete 
|   7|0x0000000082f00000, 0x0000000083000000, 0x0000000083000000|100%|HC|  |TAMS 0x0000000082f00000| PB 0x0000000082f00000| Complete 
|   8|0x0000000083000000, 0x0000000083100000, 0x0000000083100000|100%|HC|  |TAMS 0x0000000083000000| PB 0x0000000083000000| Complete 
|   9|0x0000000083100000, 0x0000000083200000, 0x0000000083200000|100%|HC|  |TAMS 0x0000000083100000| PB 0x0000000083100000| Complete 
|  10|0x0000000083200000, 0x0000000083300000, 0x0000000083300000|100%|HC|  |TAMS 0x0000000083200000| PB 0x0000000083200000| Complete 
|  11|0x0000000083300000, 0x0000000083400000, 0x0000000083400000|100%| O|  |TAMS 0x0000000083300000| PB 0x0000000083300000| Untracked 
|  12|0x0000000083400000, 0x0000000083500000, 0x0000000083500000|100%| O|  |TAMS 0x0000000083400000| PB 0x0000000083400000| Untracked 
|  13|0x0000000083500000, 0x0000000083600000, 0x0000000083600000|100%| O|  |TAMS 0x0000000083500000| PB 0x0000000083500000| Untracked 
|  14|0x0000000083600000, 0x0000000083679f00, 0x0000000083700000| 47%| S|CS|TAMS 0x0000000083600000| PB 0x0000000083600000| Complete 
|  15|0x0000000083700000, 0x0000000083800000, 0x0000000083800000|100%| S|CS|TAMS 0x0000000083700000| PB 0x0000000083700000| Complete 
|  16|0x0000000083800000, 0x0000000083800000, 0x0000000083900000|  0%| F|  |TAMS 0x0000000083800000| PB 0x0000000083800000| Untracked 
|  17|0x0000000083900000, 0x0000000083900000, 0x0000000083a00000|  0%| F|  |TAMS 0x0000000083900000| PB 0x0000000083900000| Untracked 
|  18|0x0000000083a00000, 0x0000000083a00000, 0x0000000083b00000|  0%| F|  |TAMS 0x0000000083a00000| PB 0x0000000083a00000| Untracked 
|  19|0x0000000083b00000, 0x0000000083b00000, 0x0000000083c00000|  0%| F|  |TAMS 0x0000000083b00000| PB 0x0000000083b00000| Untracked 
|  20|0x0000000083c00000, 0x0000000083c00000, 0x0000000083d00000|  0%| F|  |TAMS 0x0000000083c00000| PB 0x0000000083c00000| Untracked 
|  21|0x0000000083d00000, 0x0000000083d00000, 0x0000000083e00000|  0%| F|  |TAMS 0x0000000083d00000| PB 0x0000000083d00000| Untracked 
|  22|0x0000000083e00000, 0x0000000083e00000, 0x0000000083f00000|  0%| F|  |TAMS 0x0000000083e00000| PB 0x0000000083e00000| Untracked 
|  23|0x0000000083f00000, 0x0000000083f00000, 0x0000000084000000|  0%| F|  |TAMS 0x0000000083f00000| PB 0x0000000083f00000| Untracked 
|  24|0x0000000084000000, 0x0000000084000000, 0x0000000084100000|  0%| F|  |TAMS 0x0000000084000000| PB 0x0000000084000000| Untracked 
|  25|0x0000000084100000, 0x0000000084100000, 0x0000000084200000|  0%| F|  |TAMS 0x0000000084100000| PB 0x0000000084100000| Untracked 
|  26|0x0000000084200000, 0x0000000084200000, 0x0000000084300000|  0%| F|  |TAMS 0x0000000084200000| PB 0x0000000084200000| Untracked 
|  27|0x0000000084300000, 0x0000000084300000, 0x0000000084400000|  0%| F|  |TAMS 0x0000000084300000| PB 0x0000000084300000| Untracked 
|  28|0x0000000084400000, 0x0000000084400000, 0x0000000084500000|  0%| F|  |TAMS 0x0000000084400000| PB 0x0000000084400000| Untracked 
|  29|0x0000000084500000, 0x0000000084500000, 0x0000000084600000|  0%| F|  |TAMS 0x0000000084500000| PB 0x0000000084500000| Untracked 
|  30|0x0000000084600000, 0x0000000084600000, 0x0000000084700000|  0%| F|  |TAMS 0x0000000084600000| PB 0x0000000084600000| Untracked 
|  31|0x0000000084700000, 0x0000000084700000, 0x0000000084800000|  0%| F|  |TAMS 0x0000000084700000| PB 0x0000000084700000| Untracked 
| 101|0x0000000088d00000, 0x0000000088d00000, 0x0000000088e00000|  0%| F|  |TAMS 0x0000000088d00000| PB 0x0000000088d00000| Untracked 
| 102|0x0000000088e00000, 0x0000000088e00000, 0x0000000088f00000|  0%| F|  |TAMS 0x0000000088e00000| PB 0x0000000088e00000| Untracked 
| 103|0x0000000088f00000, 0x0000000088f00000, 0x0000000089000000|  0%| F|  |TAMS 0x0000000088f00000| PB 0x0000000088f00000| Untracked 
| 104|0x0000000089000000, 0x0000000089000000, 0x0000000089100000|  0%| F|  |TAMS 0x0000000089000000| PB 0x0000000089000000| Untracked 
| 105|0x0000000089100000, 0x0000000089100000, 0x0000000089200000|  0%| F|  |TAMS 0x0000000089100000| PB 0x0000000089100000| Untracked 
| 106|0x0000000089200000, 0x0000000089200000, 0x0000000089300000|  0%| F|  |TAMS 0x0000000089200000| PB 0x0000000089200000| Untracked 
| 124|0x000000008a400000, 0x000000008a4e7890, 0x000000008a500000| 90%| E|  |TAMS 0x000000008a400000| PB 0x000000008a400000| Complete 
| 125|0x000000008a500000, 0x000000008a600000, 0x000000008a600000|100%| E|CS|TAMS 0x000000008a500000| PB 0x000000008a500000| Complete 
|2005|0x00000000ffd00000, 0x00000000ffdc9010, 0x00000000ffe00000| 78%| O|  |TAMS 0x00000000ffd00000| PB 0x00000000ffd00000| Untracked 
|2006|0x00000000ffe00000, 0x00000000fff00000, 0x00000000fff00000|100%| O|  |TAMS 0x00000000ffe00000| PB 0x00000000ffe00000| Untracked 
|2007|0x00000000fff00000, 0x0000000100000000, 0x0000000100000000|100%| O|  |TAMS 0x00000000fff00000| PB 0x00000000fff00000| Untracked 

Card table byte_map: [0x000001f8162c0000,0x000001f8166b0000] _byte_map_base: 0x000001f815eac000

Marking Bits: (CMBitMap*) 0x000001f803580240
 Bits: [0x000001f8166b0000, 0x000001f818610000)

Polling page: 0x000001f801560000

Metaspace:

Usage:
  Non-class:     23.04 MB used.
      Class:      3.35 MB used.
       Both:     26.39 MB used.

Virtual space:
  Non-class space:       64.00 MB reserved,      23.31 MB ( 36%) committed,  1 nodes.
      Class space:        1.00 GB reserved,       3.56 MB ( <1%) committed,  1 nodes.
             Both:        1.06 GB reserved,      26.88 MB (  2%) committed. 

Chunk freelists:
   Non-Class:  8.48 MB
       Class:  12.41 MB
        Both:  20.89 MB

MaxMetaspaceSize: unlimited
CompressedClassSpaceSize: 1.00 GB
Initial GC threshold: 21.00 MB
Current GC threshold: 35.56 MB
CDS: on
 - commit_granule_bytes: 65536.
 - commit_granule_words: 8192.
 - virtual_space_node_default_size: 8388608.
 - enlarge_chunks_in_place: 1.
 - use_allocation_guard: 0.


Internal statistics:

num_allocs_failed_limit: 5.
num_arena_births: 466.
num_arena_deaths: 0.
num_vsnodes_births: 2.
num_vsnodes_deaths: 0.
num_space_committed: 430.
num_space_uncommitted: 0.
num_chunks_returned_to_freelist: 5.
num_chunks_taken_from_freelist: 1232.
num_chunk_merges: 5.
num_chunk_splits: 819.
num_chunks_enlarged: 573.
num_inconsistent_stats: 0.

CodeHeap 'non-profiled nmethods': size=120000Kb used=1099Kb max_used=1099Kb free=118900Kb
 bounds [0x000001f80e9a0000, 0x000001f80ec10000, 0x000001f815ed0000]
CodeHeap 'profiled nmethods': size=120000Kb used=4946Kb max_used=4946Kb free=115053Kb
 bounds [0x000001f806ed0000, 0x000001f8073b0000, 0x000001f80e400000]
CodeHeap 'non-nmethods': size=5760Kb used=1531Kb max_used=1562Kb free=4228Kb
 bounds [0x000001f80e400000, 0x000001f80e670000, 0x000001f80e9a0000]
CodeCache: size=245760Kb, used=7576Kb, max_used=7607Kb, free=238181Kb
 total_blobs=3342, nmethods=2667, adapters=579, full_count=0
Compilation: enabled, stopped_count=0, restarted_count=0

Compilation events (20 events):
Event: 7.723 Thread 0x000001f81ab582b0 nmethod 2652 0x000001f80739bf10 code [0x000001f80739c0e0, 0x000001f80739c458]
Event: 7.723 Thread 0x000001f81ab582b0 2653       3       org.openqa.selenium.json.JsonTypeCoercer::lambda$buildCoercer$4 (9 bytes)
Event: 7.723 Thread 0x000001f81ab582b0 nmethod 2653 0x000001f80739c590 code [0x000001f80739c740, 0x000001f80739c938]
Event: 7.723 Thread 0x000001f81ab582b0 2654       3       java.util.ArrayDeque::addFirst (51 bytes)
Event: 7.723 Thread 0x000001f81ab582b0 nmethod 2654 0x000001f80739ca10 code [0x000001f80739cc00, 0x000001f80739d0a8]
Event: 7.723 Thread 0x000001f81ab582b0 2655       3       org.openqa.selenium.json.JsonInput::expect (174 bytes)
Event: 7.725 Thread 0x000001f81ab582b0 nmethod 2655 0x000001f80739d210 code [0x000001f80739d660, 0x000001f80739f058]
Event: 7.725 Thread 0x000001f81ab582b0 2656       3       java.util.ArrayDeque::removeFirst (19 bytes)
Event: 7.725 Thread 0x000001f81ab582b0 nmethod 2656 0x000001f80739f910 code [0x000001f80739fae0, 0x000001f80739fda8]
Event: 7.741 Thread 0x000001f81ab582b0 2657       3       java.util.BitSet::wordIndex (5 bytes)
Event: 7.742 Thread 0x000001f81ab582b0 nmethod 2657 0x000001f80739fe90 code [0x000001f8073a0020, 0x000001f8073a0110]
Event: 7.742 Thread 0x000001f81ab582b0 2658       3       java.util.BitSet::checkInvariants (111 bytes)
Event: 7.742 Thread 0x000001f81ab582b0 nmethod 2658 0x000001f8073a0190 code [0x000001f8073a0340, 0x000001f8073a0478]
Event: 7.743 Thread 0x000001f81ab582b0 2659       3       java.util.stream.ReferencePipeline$StatefulOp::<init> (29 bytes)
Event: 7.744 Thread 0x000001f81ab582b0 nmethod 2659 0x000001f8073a0510 code [0x000001f8073a06c0, 0x000001f8073a0878]
Event: 7.745 Thread 0x000001f81ab582b0 2660       3       java.lang.PublicMethods$MethodList::getMostSpecific (63 bytes)
Event: 7.746 Thread 0x000001f81ab582b0 nmethod 2660 0x000001f8073a0990 code [0x000001f8073a0b60, 0x000001f8073a0e38]
Event: 7.746 Thread 0x000001f81ad4ddb0 2661       4       java.util.HashMap::hash (20 bytes)
Event: 7.747 Thread 0x000001f81ad4ddb0 nmethod 2661 0x000001f80eab2990 code [0x000001f80eab2b20, 0x000001f80eab2c20]
Event: 7.747 Thread 0x000001f81ad4ddb0 2639       4       java.util.HashSet::add (20 bytes)

GC Heap History (10 events):
Event: 0.810 GC heap before
{Heap before GC invocations=0 (full 0):
 garbage-first heap   total 129024K, used 12288K [0x0000000082800000, 0x0000000100000000)
  region size 1024K, 13 young (13312K), 0 survivors (0K)
 Metaspace       used 3054K, committed 3264K, reserved 1114112K
  class space    used 307K, committed 384K, reserved 1048576K
}
Event: 0.816 GC heap after
{Heap after GC invocations=1 (full 0):
 garbage-first heap   total 129024K, used 6144K [0x0000000082800000, 0x0000000100000000)
  region size 1024K, 2 young (2048K), 2 survivors (2048K)
 Metaspace       used 3054K, committed 3264K, reserved 1114112K
  class space    used 307K, committed 384K, reserved 1048576K
}
Event: 1.374 GC heap before
{Heap before GC invocations=1 (full 0):
 garbage-first heap   total 129024K, used 18432K [0x0000000082800000, 0x0000000100000000)
  region size 1024K, 14 young (14336K), 2 survivors (2048K)
 Metaspace       used 7667K, committed 7936K, reserved 1114112K
  class space    used 896K, committed 1024K, reserved 1048576K
}
Event: 1.378 GC heap after
{Heap after GC invocations=2 (full 0):
 garbage-first heap   total 129024K, used 7082K [0x0000000082800000, 0x0000000100000000)
  region size 1024K, 2 young (2048K), 2 survivors (2048K)
 Metaspace       used 7667K, committed 7936K, reserved 1114112K
  class space    used 896K, committed 1024K, reserved 1048576K
}
Event: 4.577 GC heap before
{Heap before GC invocations=2 (full 0):
 garbage-first heap   total 129024K, used 31658K [0x0000000082800000, 0x0000000100000000)
  region size 1024K, 27 young (27648K), 2 survivors (2048K)
 Metaspace       used 14865K, committed 15232K, reserved 1114112K
  class space    used 1875K, committed 2048K, reserved 1048576K
}
Event: 4.582 GC heap after
{Heap after GC invocations=3 (full 0):
 garbage-first heap   total 129024K, used 9530K [0x0000000082800000, 0x0000000100000000)
  region size 1024K, 4 young (4096K), 4 survivors (4096K)
 Metaspace       used 14865K, committed 15232K, reserved 1114112K
  class space    used 1875K, committed 2048K, reserved 1048576K
}
Event: 5.153 GC heap before
{Heap before GC invocations=3 (full 0):
 garbage-first heap   total 129024K, used 27962K [0x0000000082800000, 0x0000000100000000)
  region size 1024K, 23 young (23552K), 4 survivors (4096K)
 Metaspace       used 21162K, committed 21504K, reserved 1114112K
  class space    used 2607K, committed 2752K, reserved 1048576K
}
Event: 5.160 GC heap after
{Heap after GC invocations=4 (full 0):
 garbage-first heap   total 129024K, used 12074K [0x0000000082800000, 0x0000000100000000)
  region size 1024K, 6 young (6144K), 6 survivors (6144K)
 Metaspace       used 21162K, committed 21504K, reserved 1114112K
  class space    used 2607K, committed 2752K, reserved 1048576K
}
Event: 7.627 GC heap before
{Heap before GC invocations=5 (full 0):
 garbage-first heap   total 40960K, used 35626K [0x0000000082800000, 0x0000000100000000)
  region size 1024K, 24 young (24576K), 6 survivors (6144K)
 Metaspace       used 26626K, committed 27008K, reserved 1114112K
  class space    used 3370K, committed 3520K, reserved 1048576K
}
Event: 7.636 GC heap after
{Heap after GC invocations=6 (full 0):
 garbage-first heap   total 44032K, used 18486K [0x0000000082800000, 0x0000000100000000)
  region size 1024K, 2 young (2048K), 2 survivors (2048K)
 Metaspace       used 26626K, committed 27008K, reserved 1114112K
  class space    used 3370K, committed 3520K, reserved 1048576K
}

Dll operation events (11 events):
Event: 0.016 Loaded shared library C:\Users\vikas\.p2\pool\plugins\org.eclipse.justj.openjdk.hotspot.jre.full.win32.x86_64_21.0.10.v20260205-0638\jre\bin\java.dll
Event: 0.062 Loaded shared library C:\Users\vikas\.p2\pool\plugins\org.eclipse.justj.openjdk.hotspot.jre.full.win32.x86_64_21.0.10.v20260205-0638\jre\bin\zip.dll
Event: 0.253 Loaded shared library C:\Users\vikas\.p2\pool\plugins\org.eclipse.justj.openjdk.hotspot.jre.full.win32.x86_64_21.0.10.v20260205-0638\jre\bin\net.dll
Event: 0.258 Loaded shared library C:\Users\vikas\.p2\pool\plugins\org.eclipse.justj.openjdk.hotspot.jre.full.win32.x86_64_21.0.10.v20260205-0638\jre\bin\nio.dll
Event: 0.263 Loaded shared library C:\Users\vikas\.p2\pool\plugins\org.eclipse.justj.openjdk.hotspot.jre.full.win32.x86_64_21.0.10.v20260205-0638\jre\bin\zip.dll
Event: 0.555 Loaded shared library C:\Users\vikas\.p2\pool\plugins\org.eclipse.justj.openjdk.hotspot.jre.full.win32.x86_64_21.0.10.v20260205-0638\jre\bin\jimage.dll
Event: 0.761 Loaded shared library C:\Users\vikas\.p2\pool\plugins\org.eclipse.justj.openjdk.hotspot.jre.full.win32.x86_64_21.0.10.v20260205-0638\jre\bin\extnet.dll
Event: 4.690 Loaded shared library C:\Users\vikas\.p2\pool\plugins\org.eclipse.justj.openjdk.hotspot.jre.full.win32.x86_64_21.0.10.v20260205-0638\jre\bin\management.dll
Event: 4.699 Loaded shared library C:\Users\vikas\.p2\pool\plugins\org.eclipse.justj.openjdk.hotspot.jre.full.win32.x86_64_21.0.10.v20260205-0638\jre\bin\management_ext.dll
Event: 4.800 Loaded shared library C:\Users\vikas\.p2\pool\plugins\org.eclipse.justj.openjdk.hotspot.jre.full.win32.x86_64_21.0.10.v20260205-0638\jre\bin\sunmscapi.dll
Event: 5.262 Loaded shared library C:\Users\vikas\.p2\pool\plugins\org.eclipse.justj.openjdk.hotspot.jre.full.win32.x86_64_21.0.10.v20260205-0638\jre\bin\verify.dll

Deoptimization events (20 events):
Event: 5.467 Thread 0x000001f80111fd40 Uncommon trap: trap_request=0xffffff3d fr.pc=0x000001f80ea7cd10 relative=0x0000000000000170
Event: 5.467 Thread 0x000001f80111fd40 Uncommon trap: reason=unstable_fused_if action=reinterpret pc=0x000001f80ea7cd10 method=java.lang.CharacterDataLatin1.equalsIgnoreCase(BB)Z @ 16 c2
Event: 5.467 Thread 0x000001f80111fd40 DEOPT PACKING pc=0x000001f80ea7cd10 sp=0x000000411f4fda00
Event: 5.468 Thread 0x000001f80111fd40 DEOPT UNPACKING pc=0x000001f80e454422 sp=0x000000411f4fd8f8 mode 2
Event: 5.579 Thread 0x000001f86122e8f0 Uncommon trap: trap_request=0xffffff45 fr.pc=0x000001f80ea81c84 relative=0x0000000000000064
Event: 5.579 Thread 0x000001f86122e8f0 Uncommon trap: reason=unstable_if action=reinterpret pc=0x000001f80ea81c84 method=java.lang.CharacterData.of(I)Ljava/lang/CharacterData; @ 15 c2
Event: 5.579 Thread 0x000001f86122e8f0 DEOPT PACKING pc=0x000001f80ea81c84 sp=0x00000041215fdad0
Event: 5.579 Thread 0x000001f86122e8f0 DEOPT UNPACKING pc=0x000001f80e454422 sp=0x00000041215fda58 mode 2
Event: 7.610 Thread 0x000001f80111fd40 Uncommon trap: trap_request=0xffffffde fr.pc=0x000001f80eaa5484 relative=0x00000000000001c4
Event: 7.610 Thread 0x000001f80111fd40 Uncommon trap: reason=class_check action=maybe_recompile pc=0x000001f80eaa5484 method=org.openqa.selenium.json.Input.fill()Z @ 85 c2
Event: 7.610 Thread 0x000001f80111fd40 DEOPT PACKING pc=0x000001f80eaa5484 sp=0x000000411f4fdcf0
Event: 7.610 Thread 0x000001f80111fd40 DEOPT UNPACKING pc=0x000001f80e454422 sp=0x000000411f4fdc90 mode 2
Event: 7.682 Thread 0x000001f80111fd40 Uncommon trap: trap_request=0xffffff45 fr.pc=0x000001f80ea99e88 relative=0x0000000000000f08
Event: 7.682 Thread 0x000001f80111fd40 Uncommon trap: reason=unstable_if action=reinterpret pc=0x000001f80ea99e88 method=java.util.concurrent.ConcurrentHashMap.putVal(Ljava/lang/Object;Ljava/lang/Object;Z)Ljava/lang/Object; @ 231 c2
Event: 7.682 Thread 0x000001f80111fd40 DEOPT PACKING pc=0x000001f80ea99e88 sp=0x000000411f4fe0b0
Event: 7.682 Thread 0x000001f80111fd40 DEOPT UNPACKING pc=0x000001f80e454422 sp=0x000000411f4fe020 mode 2
Event: 7.723 Thread 0x000001f80111fd40 Uncommon trap: trap_request=0xffffffde fr.pc=0x000001f80eaa5484 relative=0x00000000000001c4
Event: 7.723 Thread 0x000001f80111fd40 Uncommon trap: reason=class_check action=maybe_recompile pc=0x000001f80eaa5484 method=org.openqa.selenium.json.Input.fill()Z @ 85 c2
Event: 7.723 Thread 0x000001f80111fd40 DEOPT PACKING pc=0x000001f80eaa5484 sp=0x000000411f4fe090
Event: 7.723 Thread 0x000001f80111fd40 DEOPT UNPACKING pc=0x000001f80e454422 sp=0x000000411f4fe030 mode 2

Classes loaded (20 events):
Event: 5.616 Loading class java/io/PushbackInputStream
Event: 5.616 Loading class java/io/PushbackInputStream done
Event: 5.632 Loading class java/nio/charset/IllegalCharsetNameException
Event: 5.632 Loading class java/nio/charset/IllegalCharsetNameException done
Event: 5.632 Loading class java/nio/charset/UnsupportedCharsetException
Event: 5.632 Loading class java/nio/charset/UnsupportedCharsetException done
Event: 5.639 Loading class sun/nio/ch/IOVecWrapper
Event: 5.639 Loading class sun/nio/ch/IOVecWrapper done
Event: 5.639 Loading class sun/nio/ch/AllocatedNativeObject
Event: 5.639 Loading class sun/nio/ch/NativeObject
Event: 5.639 Loading class sun/nio/ch/NativeObject done
Event: 5.639 Loading class sun/nio/ch/AllocatedNativeObject done
Event: 5.639 Loading class sun/nio/ch/IOVecWrapper$Deallocator
Event: 5.639 Loading class sun/nio/ch/IOVecWrapper$Deallocator done
Event: 7.728 Loading class java/util/concurrent/locks/ReentrantReadWriteLock$FairSync
Event: 7.728 Loading class java/util/concurrent/locks/ReentrantReadWriteLock$FairSync done
Event: 7.744 Loading class java/util/Base64
Event: 7.744 Loading class java/util/Base64 done
Event: 7.744 Loading class java/util/Base64$Encoder
Event: 7.745 Loading class java/util/Base64$Encoder done

Classes unloaded (0 events):
No events

Classes redefined (0 events):
No events

Internal exceptions (20 events):
Event: 4.465 Thread 0x000001f80111fd40 Exception <a 'java/lang/NoSuchMethodError'{0x0000000088db3b20}: 'float java.lang.invoke.DirectMethodHandle$Holder.invokeVirtual(java.lang.Object, java.lang.Object)'> (0x0000000088db3b20) 
thrown [s\src\hotspot\share\interpreter\linkResolver.cpp, line 773]
Event: 4.466 Thread 0x000001f80111fd40 Exception <a 'java/lang/NoSuchMethodError'{0x0000000088dbbe40}: 'long java.lang.invoke.DirectMethodHandle$Holder.invokeVirtual(java.lang.Object, java.lang.Object)'> (0x0000000088dbbe40) 
thrown [s\src\hotspot\share\interpreter\linkResolver.cpp, line 773]
Event: 4.475 Thread 0x000001f80111fd40 Exception <a 'java/lang/NoSuchMethodError'{0x0000000088de8198}: 'java.lang.Object java.lang.invoke.DirectMethodHandle$Holder.invokeVirtual(java.lang.Object, java.lang.Object, java.lang.Object)'> (0x0000000088de8198) 
thrown [s\src\hotspot\share\interpreter\linkResolver.cpp, line 773]
Event: 4.516 Thread 0x000001f80111fd40 Exception <a 'java/lang/NoSuchMethodError'{0x0000000088c81eb8}: 'void java.lang.invoke.DirectMethodHandle$Holder.invokeVirtual(java.lang.Object, java.lang.Object, long)'> (0x0000000088c81eb8) 
thrown [s\src\hotspot\share\interpreter\linkResolver.cpp, line 773]
Event: 4.517 Thread 0x000001f80111fd40 Exception <a 'java/lang/NoSuchMethodError'{0x0000000088c859e8}: 'long java.lang.invoke.DirectMethodHandle$Holder.invokeStatic(java.lang.Object, java.lang.Object, int)'> (0x0000000088c859e8) 
thrown [s\src\hotspot\share\interpreter\linkResolver.cpp, line 773]
Event: 4.524 Thread 0x000001f80111fd40 Exception <a 'java/lang/NoSuchMethodError'{0x0000000088c976c0}: 'java.lang.Object java.lang.invoke.DirectMethodHandle$Holder.invokeStatic(java.lang.Object, java.lang.Object, java.lang.Object, java.lang.Object, int)'> (0x0000000088c976c0) 
thrown [s\src\hotspot\share\interpreter\linkResolver.cpp, line 773]
Event: 4.526 Thread 0x000001f80111fd40 Exception <a 'java/lang/NoSuchMethodError'{0x0000000088ca20f0}: 'void java.lang.invoke.DelegatingMethodHandle$Holder.reinvoke_L(java.lang.Object, java.lang.Object, long)'> (0x0000000088ca20f0) 
thrown [s\src\hotspot\share\interpreter\linkResolver.cpp, line 773]
Event: 4.631 Thread 0x000001f80111fd40 Exception <a 'java/lang/NoClassDefFoundError'{0x000000008a4d87b0}> (0x000000008a4d87b0) 
thrown [s\src\hotspot\share\oops\instanceKlass.cpp, line 1220]
Event: 4.853 Thread 0x000001f80111fd40 Exception <a 'sun/nio/fs/WindowsException'{0x0000000089e2df98}> (0x0000000089e2df98) 
thrown [s\src\hotspot\share\prims\jni.cpp, line 520]
Event: 5.252 Thread 0x000001f80111fd40 Exception <a 'java/lang/NoSuchMethodError'{0x0000000084695c38}: 'java.lang.Object java.lang.invoke.DirectMethodHandle$Holder.invokeInterface(java.lang.Object, java.lang.Object, java.lang.Object)'> (0x0000000084695c38) 
thrown [s\src\hotspot\share\interpreter\linkResolver.cpp, line 773]
Event: 5.252 Thread 0x000001f80111fd40 Exception <a 'java/lang/IncompatibleClassChangeError'{0x0000000084699030}: Found class java.lang.Object, but interface was expected> (0x0000000084699030) 
thrown [s\src\hotspot\share\interpreter\linkResolver.cpp, line 840]
Event: 5.253 Thread 0x000001f80111fd40 Exception <a 'java/lang/NoSuchMethodError'{0x000000008469ee20}: 'int java.lang.invoke.DirectMethodHandle$Holder.invokeSpecialIFC(java.lang.Object, java.lang.Object, java.lang.Object, java.lang.Object)'> (0x000000008469ee20) 
thrown [s\src\hotspot\share\interpreter\linkResolver.cpp, line 773]
Event: 5.384 Thread 0x000001f80111fd40 Exception <a 'java/lang/NoSuchMethodError'{0x000000008421e938}: 'java.lang.Object java.lang.invoke.DirectMethodHandle$Holder.newInvokeSpecial(java.lang.Object, java.lang.Object, int, int)'> (0x000000008421e938) 
thrown [s\src\hotspot\share\interpreter\linkResolver.cpp, line 773]
Event: 5.384 Thread 0x000001f80111fd40 Exception <a 'java/lang/NoSuchMethodError'{0x0000000084222688}: 'java.lang.Object java.lang.invoke.DirectMethodHandle$Holder.invokeSpecial(java.lang.Object, java.lang.Object, java.lang.Object, int, int)'> (0x0000000084222688) 
thrown [s\src\hotspot\share\interpreter\linkResolver.cpp, line 773]
Event: 5.385 Thread 0x000001f80111fd40 Exception <a 'java/lang/NoSuchMethodError'{0x0000000084229518}: 'void java.lang.invoke.DirectMethodHandle$Holder.invokeStatic(java.lang.Object, java.lang.Object, int)'> (0x0000000084229518) 
thrown [s\src\hotspot\share\interpreter\linkResolver.cpp, line 773]
Event: 5.425 Thread 0x000001f80111fd40 Exception <a 'java/lang/NoSuchMethodError'{0x00000000841e85e8}: 'int java.lang.invoke.DirectMethodHandle$Holder.invokeSpecialIFC(java.lang.Object, java.lang.Object, java.lang.Object)'> (0x00000000841e85e8) 
thrown [s\src\hotspot\share\interpreter\linkResolver.cpp, line 773]
Event: 5.494 Thread 0x000001f80111fd40 Exception <a 'java/lang/NoSuchMethodError'{0x0000000083e56e40}: 'void java.lang.invoke.DirectMethodHandle$Holder.invokeSpecial(java.lang.Object, java.lang.Object, java.lang.Object, java.lang.Object, java.lang.Object, java.lang.Object)'> (0x0000000083e56e40) 
thrown [s\src\hotspot\share\interpreter\linkResolver.cpp, line 773]
Event: 5.516 Thread 0x000001f80111fd40 Exception <a 'java/lang/NoSuchMethodError'{0x0000000083edfbc0}: 'long java.lang.invoke.DelegatingMethodHandle$Holder.reinvoke_L(java.lang.Object, java.lang.Object)'> (0x0000000083edfbc0) 
thrown [s\src\hotspot\share\interpreter\linkResolver.cpp, line 773]
Event: 7.613 Thread 0x000001f80111fd40 Exception <a 'java/lang/NoSuchMethodError'{0x0000000083899718}: 'java.lang.Object java.lang.invoke.DirectMethodHandle$Holder.invokeSpecialIFC(java.lang.Object, java.lang.Object, java.lang.Object)'> (0x0000000083899718) 
thrown [s\src\hotspot\share\interpreter\linkResolver.cpp, line 773]
Event: 7.703 Thread 0x000001f80111fd40 Exception <a 'java/lang/NoSuchMethodError'{0x000000008a5aff20}: 'void java.lang.invoke.DirectMethodHandle$Holder.invokeSpecial(java.lang.Object, java.lang.Object, java.lang.Object, java.lang.Object, java.lang.Object)'> (0x000000008a5aff20) 
thrown [s\src\hotspot\share\interpreter\linkResolver.cpp, line 773]

ZGC Phase Switch (0 events):
No events

VM Operations (20 events):
Event: 4.626 Executing non-safepoint VM operation: HandshakeAllThreads (Deoptimize)
Event: 4.626 Executing non-safepoint VM operation: HandshakeAllThreads (Deoptimize) done
Event: 4.647 Executing non-safepoint VM operation: HandshakeAllThreads (Deoptimize)
Event: 4.647 Executing non-safepoint VM operation: HandshakeAllThreads (Deoptimize) done
Event: 4.821 Executing non-safepoint VM operation: HandshakeAllThreads (Deoptimize)
Event: 4.821 Executing non-safepoint VM operation: HandshakeAllThreads (Deoptimize) done
Event: 5.153 Executing safepoint VM operation: CollectForMetadataAllocation (Metadata GC Threshold)
Event: 5.160 Executing safepoint VM operation: CollectForMetadataAllocation (Metadata GC Threshold) done
Event: 5.168 Executing safepoint VM operation: G1PauseRemark
Event: 5.170 Executing safepoint VM operation: G1PauseRemark done
Event: 5.171 Executing safepoint VM operation: CollectForMetadataAllocation (Metadata GC Threshold)
Event: 5.173 Executing safepoint VM operation: CollectForMetadataAllocation (Metadata GC Threshold) done
Event: 5.175 Executing safepoint VM operation: G1PauseCleanup
Event: 5.175 Executing safepoint VM operation: G1PauseCleanup done
Event: 5.361 Executing non-safepoint VM operation: HandshakeAllThreads (Deoptimize)
Event: 5.361 Executing non-safepoint VM operation: HandshakeAllThreads (Deoptimize) done
Event: 6.374 Executing safepoint VM operation: Cleanup
Event: 6.375 Executing safepoint VM operation: Cleanup done
Event: 7.627 Executing safepoint VM operation: G1CollectForAllocation (G1 Evacuation Pause)
Event: 7.636 Executing safepoint VM operation: G1CollectForAllocation (G1 Evacuation Pause) done

Memory protections (0 events):
No events

Nmethod flushes (0 events):
No events

Events (20 events):
Event: 0.249 Thread 0x000001f80111fd40 Thread added: 0x000001f81ac73290
Event: 0.310 Thread 0x000001f81ab582b0 Thread added: 0x000001f81ad4ddb0
Event: 0.775 Thread 0x000001f80111fd40 Thread added: 0x000001f8603aa830
Event: 1.343 Thread 0x000001f80111fd40 Thread added: 0x000001f860a4b8b0
Event: 1.347 Thread 0x000001f80111fd40 Thread added: 0x000001f860670fc0
Event: 3.164 Thread 0x000001f81ad4ddb0 Thread exited: 0x000001f81ad4ddb0
Event: 4.733 Thread 0x000001f80111fd40 Thread added: 0x000001f861090a10
Event: 4.953 Thread 0x000001f81ab0ea40 Thread added: 0x000001f81ad4eb50
Event: 5.278 Thread 0x000001f80111fd40 Thread added: 0x000001f860e28440
Event: 5.293 Thread 0x000001f860e28440 Thread added: 0x000001f860d5b740
Event: 5.293 Thread 0x000001f860e28440 Thread added: 0x000001f860e26bb0
Event: 5.344 Thread 0x000001f81ad4eb50 Thread exited: 0x000001f81ad4eb50
Event: 5.346 Thread 0x000001f80111fd40 Thread added: 0x000001f86122ef80
Event: 5.347 Thread 0x000001f80111fd40 Thread added: 0x000001f861230330
Event: 5.349 Thread 0x000001f86122ef80 Thread added: 0x000001f86122e260
Event: 5.360 Thread 0x000001f86122e260 Thread added: 0x000001f86122fca0
Event: 5.552 Thread 0x000001f80111fd40 Thread added: 0x000001f86122e8f0
Event: 7.714 Thread 0x000001f80111fd40 Thread added: 0x000001f86122d540
Event: 7.746 Thread 0x000001f80111fd40 Thread added: 0x000001f86122dbd0
Event: 7.746 Thread 0x000001f81ab582b0 Thread added: 0x000001f81ad4ddb0


Dynamic libraries:
0x00007ff6b93e0000 - 0x00007ff6b93ee000 	C:\Users\vikas\.p2\pool\plugins\org.eclipse.justj.openjdk.hotspot.jre.full.win32.x86_64_21.0.10.v20260205-0638\jre\bin\javaw.exe
0x00007ff958780000 - 0x00007ff9589e6000 	C:\WINDOWS\SYSTEM32\ntdll.dll
0x00007ff957120000 - 0x00007ff9571e9000 	C:\WINDOWS\System32\KERNEL32.DLL
0x00007ff955fc0000 - 0x00007ff9563ba000 	C:\WINDOWS\System32\KERNELBASE.dll
0x00007ff955cd0000 - 0x00007ff955e1c000 	C:\WINDOWS\System32\ucrtbase.dll
0x00007ff93a530000 - 0x00007ff93a54e000 	C:\Users\vikas\.p2\pool\plugins\org.eclipse.justj.openjdk.hotspot.jre.full.win32.x86_64_21.0.10.v20260205-0638\jre\bin\VCRUNTIME140.dll
0x00007ff93a4f0000 - 0x00007ff93a508000 	C:\Users\vikas\.p2\pool\plugins\org.eclipse.justj.openjdk.hotspot.jre.full.win32.x86_64_21.0.10.v20260205-0638\jre\bin\jli.dll
0x00007ff956f40000 - 0x00007ff957107000 	C:\WINDOWS\System32\USER32.dll
0x00007ff955e20000 - 0x00007ff955e47000 	C:\WINDOWS\System32\win32u.dll
0x00007ff93ff20000 - 0x00007ff9401b2000 	C:\WINDOWS\WinSxS\amd64_microsoft.windows.common-controls_6595b64144ccf1df_6.0.26100.8521_none_3e08b75ce33403b3\COMCTL32.dll
0x00007ff956a70000 - 0x00007ff956a9b000 	C:\WINDOWS\System32\GDI32.dll
0x00007ff9563c0000 - 0x00007ff9564eb000 	C:\WINDOWS\System32\gdi32full.dll
0x00007ff956730000 - 0x00007ff9567d9000 	C:\WINDOWS\System32\msvcrt.dll
0x00007ff955f10000 - 0x00007ff955fb3000 	C:\WINDOWS\System32\msvcp_win.dll
0x00007ff957fe0000 - 0x00007ff958012000 	C:\WINDOWS\System32\IMM32.DLL
0x00007ff93d4b0000 - 0x00007ff93d4bc000 	C:\Users\vikas\.p2\pool\plugins\org.eclipse.justj.openjdk.hotspot.jre.full.win32.x86_64_21.0.10.v20260205-0638\jre\bin\vcruntime140_1.dll
0x00007ff936320000 - 0x00007ff9363ad000 	C:\Users\vikas\.p2\pool\plugins\org.eclipse.justj.openjdk.hotspot.jre.full.win32.x86_64_21.0.10.v20260205-0638\jre\bin\msvcp140.dll
0x00007ff8712b0000 - 0x00007ff872051000 	C:\Users\vikas\.p2\pool\plugins\org.eclipse.justj.openjdk.hotspot.jre.full.win32.x86_64_21.0.10.v20260205-0638\jre\bin\server\jvm.dll
0x00007ff9569b0000 - 0x00007ff956a66000 	C:\WINDOWS\System32\ADVAPI32.dll
0x00007ff956900000 - 0x00007ff9569aa000 	C:\WINDOWS\System32\sechost.dll
0x00007ff956aa0000 - 0x00007ff956bb8000 	C:\WINDOWS\System32\RPCRT4.dll
0x00007ff9571f0000 - 0x00007ff957270000 	C:\WINDOWS\System32\WS2_32.dll
0x00007ff955870000 - 0x00007ff9558ce000 	C:\WINDOWS\SYSTEM32\POWRPROF.dll
0x00007ff945130000 - 0x00007ff945166000 	C:\WINDOWS\SYSTEM32\WINMM.dll
0x00007ff9484e0000 - 0x00007ff9484eb000 	C:\WINDOWS\SYSTEM32\VERSION.dll
0x00007ff955850000 - 0x00007ff955864000 	C:\WINDOWS\SYSTEM32\UMPDC.dll
0x00007ff954780000 - 0x00007ff95479b000 	C:\WINDOWS\SYSTEM32\kernel.appcore.dll
0x00007ff944ff0000 - 0x00007ff944ffa000 	C:\Users\vikas\.p2\pool\plugins\org.eclipse.justj.openjdk.hotspot.jre.full.win32.x86_64_21.0.10.v20260205-0638\jre\bin\jimage.dll
0x00007ff952e10000 - 0x00007ff953052000 	C:\WINDOWS\SYSTEM32\DBGHELP.DLL
0x00007ff9573e0000 - 0x00007ff957763000 	C:\WINDOWS\System32\combase.dll
0x00007ff957f00000 - 0x00007ff957fd9000 	C:\WINDOWS\System32\OLEAUT32.dll
0x00007ff923960000 - 0x00007ff92399b000 	C:\WINDOWS\SYSTEM32\dbgcore.DLL
0x00007ff955b90000 - 0x00007ff955c38000 	C:\WINDOWS\System32\bcryptPrimitives.dll
0x00007ff936170000 - 0x00007ff936190000 	C:\Users\vikas\.p2\pool\plugins\org.eclipse.justj.openjdk.hotspot.jre.full.win32.x86_64_21.0.10.v20260205-0638\jre\bin\java.dll
0x00007ff957770000 - 0x00007ff957ef4000 	C:\WINDOWS\System32\SHELL32.dll
0x00007ff9535b0000 - 0x00007ff953e30000 	C:\WINDOWS\SYSTEM32\windows.storage.dll
0x00007ff958570000 - 0x00007ff958666000 	C:\WINDOWS\System32\SHCORE.dll
0x00007ff956840000 - 0x00007ff9568a7000 	C:\WINDOWS\System32\shlwapi.dll
0x00007ff955930000 - 0x00007ff955959000 	C:\WINDOWS\SYSTEM32\profapi.dll
0x00007ff936150000 - 0x00007ff936168000 	C:\Users\vikas\.p2\pool\plugins\org.eclipse.justj.openjdk.hotspot.jre.full.win32.x86_64_21.0.10.v20260205-0638\jre\bin\zip.dll
0x00007ff944040000 - 0x00007ff944050000 	C:\Users\vikas\.p2\pool\plugins\org.eclipse.justj.openjdk.hotspot.jre.full.win32.x86_64_21.0.10.v20260205-0638\jre\bin\net.dll
0x00007ff948060000 - 0x00007ff948189000 	C:\WINDOWS\SYSTEM32\WINHTTP.dll
0x00007ff954d10000 - 0x00007ff954d7c000 	C:\WINDOWS\system32\mswsock.dll
0x00007ff936130000 - 0x00007ff936146000 	C:\Users\vikas\.p2\pool\plugins\org.eclipse.justj.openjdk.hotspot.jre.full.win32.x86_64_21.0.10.v20260205-0638\jre\bin\nio.dll
0x00007ff954240000 - 0x00007ff95438a000 	C:\WINDOWS\SYSTEM32\DNSAPI.dll
0x00007ff954b30000 - 0x00007ff954b3d000 	C:\WINDOWS\SYSTEM32\DSPARSE.dll
0x00007ff9541a0000 - 0x00007ff9541d3000 	C:\WINDOWS\SYSTEM32\IPHLPAPI.DLL
0x00007ff957110000 - 0x00007ff95711a000 	C:\WINDOWS\System32\NSI.dll
0x00007ff9422d0000 - 0x00007ff9422db000 	C:\Windows\System32\rasadhlp.dll
0x00007ff946a10000 - 0x00007ff946a96000 	C:\WINDOWS\System32\fwpuclnt.dll
0x00007ff93d4c0000 - 0x00007ff93d4c9000 	C:\Users\vikas\.p2\pool\plugins\org.eclipse.justj.openjdk.hotspot.jre.full.win32.x86_64_21.0.10.v20260205-0638\jre\bin\extnet.dll
0x00007ff954ff0000 - 0x00007ff95500b000 	C:\WINDOWS\SYSTEM32\CRYPTSP.dll
0x00007ff9546e0000 - 0x00007ff954719000 	C:\WINDOWS\system32\rsaenh.dll
0x00007ff954dc0000 - 0x00007ff954df3000 	C:\WINDOWS\SYSTEM32\USERENV.dll
0x00007ff955900000 - 0x00007ff95592a000 	C:\WINDOWS\SYSTEM32\bcrypt.dll
0x00007ff955010000 - 0x00007ff95501c000 	C:\WINDOWS\SYSTEM32\CRYPTBASE.dll
0x00007ff9216f0000 - 0x00007ff921708000 	C:\WINDOWS\system32\napinsp.dll
0x00007ff921550000 - 0x00007ff921563000 	C:\WINDOWS\System32\winrnr.dll
0x00007ff921520000 - 0x00007ff921542000 	C:\WINDOWS\system32\nlansp_c.dll
0x00007ff94bd20000 - 0x00007ff94bd36000 	C:\WINDOWS\system32\wshbth.dll
0x00007ff952570000 - 0x00007ff952610000 	C:\WINDOWS\system32\apphelp.dll
0x00007ff939d40000 - 0x00007ff939d4a000 	C:\Users\vikas\.p2\pool\plugins\org.eclipse.justj.openjdk.hotspot.jre.full.win32.x86_64_21.0.10.v20260205-0638\jre\bin\management.dll
0x00007ff936440000 - 0x00007ff93644c000 	C:\Users\vikas\.p2\pool\plugins\org.eclipse.justj.openjdk.hotspot.jre.full.win32.x86_64_21.0.10.v20260205-0638\jre\bin\management_ext.dll
0x00007ff958530000 - 0x00007ff958538000 	C:\WINDOWS\System32\PSAPI.DLL
0x00007ff93fae0000 - 0x00007ff93faee000 	C:\Users\vikas\.p2\pool\plugins\org.eclipse.justj.openjdk.hotspot.jre.full.win32.x86_64_21.0.10.v20260205-0638\jre\bin\sunmscapi.dll
0x00007ff955a10000 - 0x00007ff955b88000 	C:\WINDOWS\System32\CRYPT32.dll
0x00007ff955210000 - 0x00007ff955240000 	C:\WINDOWS\SYSTEM32\ncrypt.dll
0x00007ff9551c0000 - 0x00007ff9551ff000 	C:\WINDOWS\SYSTEM32\NTASN1.dll
0x00007ff9397f0000 - 0x00007ff9397f8000 	C:\WINDOWS\system32\wshunix.dll
0x00007ff93a5b0000 - 0x00007ff93a5c0000 	C:\Users\vikas\.p2\pool\plugins\org.eclipse.justj.openjdk.hotspot.jre.full.win32.x86_64_21.0.10.v20260205-0638\jre\bin\verify.dll

JVMTI agents: none

dbghelp: loaded successfully - version: 4.0.5 - missing functions: none
symbol engine: initialized successfully - sym options: 0x614 - pdb path: .;C:\Users\vikas\.p2\pool\plugins\org.eclipse.justj.openjdk.hotspot.jre.full.win32.x86_64_21.0.10.v20260205-0638\jre\bin;C:\WINDOWS\SYSTEM32;C:\WINDOWS\WinSxS\amd64_microsoft.windows.common-controls_6595b64144ccf1df_6.0.26100.8521_none_3e08b75ce33403b3;C:\Users\vikas\.p2\pool\plugins\org.eclipse.justj.openjdk.hotspot.jre.full.win32.x86_64_21.0.10.v20260205-0638\jre\bin\server

VM Arguments:
jvm_args: -ea -Dfile.encoding=UTF-8 -Dstdout.encoding=UTF-8 -Dstderr.encoding=UTF-8 -XX:+ShowCodeDetailsInExceptionMessages 
java_command: org.testng.remote.RemoteTestNG -serport 57011 -protocol json -d D:\Dev\Learning Java\OpenCart\test-output D:\Dev\Learning Java\OpenCart\Grouping.xml
java_class_path (initial): C:\Users\vikas\eclipse\java-2026-03\eclipse\configuration\org.eclipse.osgi\535\0\.cp\lib\testng-remote.jar;D:\Dev\Learning Java\OpenCart\target\test-classes;D:\Dev\Learning Java\OpenCart\target\classes;C:\Users\vikas\.m2\repository\org\seleniumhq\selenium\selenium-java\4.11.0\selenium-java-4.11.0.jar;C:\Users\vikas\.m2\repository\org\seleniumhq\selenium\selenium-api\4.11.0\selenium-api-4.11.0.jar;C:\Users\vikas\.m2\repository\org\seleniumhq\selenium\selenium-chrome-driver\4.11.0\selenium-chrome-driver-4.11.0.jar;C:\Users\vikas\.m2\repository\com\google\auto\service\auto-service-annotations\1.0.1\auto-service-annotations-1.0.1.jar;C:\Users\vikas\.m2\repository\com\google\guava\guava\31.1-jre\guava-31.1-jre.jar;C:\Users\vikas\.m2\repository\com\google\guava\failureaccess\1.0.1\failureaccess-1.0.1.jar;C:\Users\vikas\.m2\repository\com\google\guava\listenablefuture\9999.0-empty-to-avoid-conflict-with-guava\listenablefuture-9999.0-empty-to-avoid-conflict-with-guava.jar;C:\Users\vikas\.m2\repository\com\google\code\findbugs\jsr305\3.0.2\jsr305-3.0.2.jar;C:\Users\vikas\.m2\repository\org\checkerframework\checker-qual\3.12.0\checker-qual-3.12.0.jar;C:\Users\vikas\.m2\repository\com\google\errorprone\error_prone_annotations\2.11.0\error_prone_annotations-2.11.0.jar;C:\Users\vikas\.m2\repository\com\google\j2objc\j2objc-annotations\1.3\j2objc-annotations-1.3.jar;C:\Users\vikas\.m2\repository\org\seleniumhq\selenium\selenium-chromium-driver\4.11.0\selenium-chromium-driver-4.11.0.jar;C:\Users\vikas\.m2\repository\org\seleniumhq\selenium\selenium-json\4.11.0\selenium-json-4.11.0.jar;C:\Users\vikas\.m2\repository\org\seleniumhq\selenium\selenium-manager\4.11.0\selenium-manager-4.11.0.jar;C:\Users\vikas\.m2\repository\org\seleniumhq\selenium\selenium-devtools-v113\4.11.0\selenium-devtools-v113-4.11.0.jar;C:\Users\vikas\.m2\repository\org\seleniumhq\selenium\selenium-devtools-v114\4.11.0\selenium-devtools-v114-4.11.0.jar;C:\Users\vikas\.m2\repository\org\seleniumhq\selenium\selenium-devtools-v115\4.11.0\selenium-devtools-v115-4.11.0.jar;C:\Users\vikas\.m2\repository\org\seleniumhq\selenium\selenium-devtools-v85\4.11.0\selenium-devtools-v85-4.11.0.jar;C:\Users\vikas\.m2\repository\org\seleniumhq\selenium\selenium-edge-driver\4.11.0\selenium-edge-driver-4.11.0.jar;C:\Users\vikas\.m2\repository\org\seleniumhq\selenium\selenium-firefox-driver\4.11.0\selenium-firefox-driver-4.11.0.jar;C:\Users\vikas\.m2\repository\org\seleniumhq\selenium\selenium-http\4.11.0\selenium-http-4.11.0.jar;C:\Users\vikas\.m2\repository\dev\failsafe\failsafe\3.3.1\failsafe-3.3.1.jar;C:\Users\vikas\.m2\repository\org\seleniumhq\selenium\selenium-ie-driver\4.11.0\selenium-ie-driver-4.11.0.jar;C:\Users\vikas\.m2\repository\org\seleniumhq\selenium\selenium-remote-driver\4.11.0\selenium-remote-driver-4.11.0.jar;C:\Users\vikas\.m2\repository\io\netty\netty-buffer\4.1.92.Final\netty-buffer-4.1.92.Final.jar;C:\Users\vikas\.m2\repository\io\netty\netty-codec-http\4.1.92.Final\netty-codec-http-4.1.92.Final.jar;C:\Users\vikas\.m2\repository\io\netty\netty-codec\4.1.92.Final\netty-codec-4.1.92.Final.jar;C:\Users\vikas\.m2\repository\io\netty\netty-handler\4.1.92.Final\netty-handler-4.1.92.Final.jar;C:\Users\vikas\.m2\repository\io\netty\netty-common\4.1.92.Final\netty-common-4.1.92.Final.jar;C:\Users\vikas\.m2\repository\io\netty\netty-transport-classes-epoll\4.1.92.Final\netty-transport-classes-epoll-4.1.92.Final.jar;C:\Users\vikas\.m2\repository\io\netty\netty-transport-classes-kqueue\4.1.92.Final\netty-transport-classes-kqueue-4.1.92.Final.jar;C:\Users\vikas\.m2\repository\io\netty\netty-transport-native-epoll\4.1.92.Final\netty-transport-native-epoll-4.1.92.Final.jar;C:\Users\vikas\.m2\repository\io\netty\netty-transport-native-kqueue\4.1.92.Final\netty-transport-native-kqueue-4.1.92.Final.jar;C:\Users\vikas\.m2\repository\io\netty\netty-transport-native-unix-common\4.1.92.Final\netty-transport-native-unix-common-4.1.92.Final.jar;C:\Users\vikas\.m2\repository\io\netty\netty-transport\4.1.92.Final\netty-transport-4.1.92.Final.jar;C:\Users\vikas\.m2\repository\io\netty\netty-resolver\4.1.92.Final\netty-resolver-4.1.92.Final.jar;C:\Users\vikas\.m2\repository\io\opentelemetry\opentelemetry-api\1.26.0\opentelemetry-api-1.26.0.jar;C:\Users\vikas\.m2\repository\io\opentelemetry\opentelemetry-context\1.26.0\opentelemetry-context-1.26.0.jar;C:\Users\vikas\.m2\repository\io\opentelemetry\opentelemetry-exporter-logging\1.26.0\opentelemetry-exporter-logging-1.26.0.jar;C:\Users\vikas\.m2\repository\io\opentelemetry\opentelemetry-sdk-metrics\1.26.0\opentelemetry-sdk-metrics-1.26.0.jar;C:\Users\vikas\.m2\repository\io\opentelemetry\opentelemetry-extension-incubator\1.26.0-alpha\opentelemetry-extension-incubator-1.26.0-alpha.jar;C:\Users\vikas\.m2\repository\io\opentelemetry\opentelemetry-sdk-logs\1.26.0-alpha\opentelemetry-sdk-logs-1.26.0-alpha.jar;C:\Users\vikas\.m2\repository\io\opentelemetry\opentelemetry-api-logs\1.26.0-alpha\opentelemetry-api-logs-1.26.0-alpha.jar;C:\Users\vikas\.m2\repository\io\opentelemetry\opentelemetry-api-events\1.26.0-alpha\opentelemetry-api-events-1.26.0-alpha.jar;C:\Users\vikas\.m2\repository\io\opentelemetry\opentelemetry-sdk-common\1.26.0\opentelemetry-sdk-common-1.26.0.jar;C:\Users\vikas\.m2\repository\io\opentelemetry\opentelemetry-sdk-extension-autoconfigure-spi\1.26.0\opentelemetry-sdk-extension-autoconfigure-spi-1.26.0.jar;C:\Users\vikas\.m2\repository\io\opentelemetry\opentelemetry-sdk-extension-autoconfigure\1.26.0-alpha\opentelemetry-sdk-extension-autoconfigure-1.26.0-alpha.jar;C:\Users\vikas\.m2\repository\io\opentelemetry\opentelemetry-sdk-trace\1.26.0\opentelemetry-sdk-trace-1.26.0.jar;C:\Users\vikas\.m2\repository\io\opentelemetry\opentelemetry-sdk\1.26.0\opentelemetry-sdk-1.26.0.jar;C:\Users\vikas\.m2\repository\io\opentelemetry\opentelemetry-semconv\1.26.0-alpha\opentelemetry-semconv-1.26.0-alpha.jar;C:\Users\vikas\.m2\repository\net\bytebuddy\byte-buddy\1.14.4\byte-buddy-1.14.4.jar;C:\Users\vikas\.m2\repository\org\apache\commons\commons-exec\1.3\commons-exec-1.3.jar;C:\Users\vikas\.m2\repository\org\asynchttpclient\async-http-client\2.12.3\async-http-client-2.12.3.jar;C:\Users\vikas\.m2\repository\org\asynchttpclient\async-http-client-netty-utils\2.12.3\async-http-client-netty-utils-2.12.3.jar;C:\Users\vikas\.m2\repository\io\netty\netty-codec-socks\4.1.60.Final\netty-codec-socks-4.1.60.Final.jar;C:\Users\vikas\.m2\repository\io\netty\netty-handler-proxy\4.1.60.Final\netty-handler-proxy-4.1.60.Final.jar;C:\Users\vikas\.m2\repository\io\netty\netty-transport-native-epoll\4.1.60.Final\netty-transport-native-epoll-4.1.60.Final-linux-x86_64.jar;C:\Users\vikas\.m2\repository\io\netty\netty-transport-native-kqueue\4.1.60.Final\netty-transport-native-kqueue-4.1.60.Final-osx-x86_64.jar;C:\Users\vikas\.m2\repository\com\typesafe\netty\netty-reactive-streams\2.0.4\netty-reactive-streams-2.0.4.jar;C:\Users\vikas\.m2\repository\com\sun\activation\jakarta.activation\1.2.2\jakarta.activation-1.2.2.jar;C:\Users\vikas\.m2\repository\org\seleniumhq\selenium\selenium-safari-driver\4.11.0\selenium-safari-driver-4.11.0.jar;C:\Users\vikas\.m2\repository\org\seleniumhq\selenium\selenium-support\4.11.0\selenium-support-4.11.0.jar;C:\Users\vikas\.m2\repository\junit\junit\3.8.1\junit-3.8.1.jar;C:\Users\vikas\.m2\repository\org\apache\poi\poi\5.5.1\poi-5.5.1.jar;C:\Users\vikas\.m2\repository\commons-codec\commons-codec\1.20.0\commons-codec-1.20.0.jar;C:\Users\vikas\.m2\repository\org\apache\commons\commons-collections4\4.5.0\commons-collections4-4.5.0.jar;C:\Users\vikas\.m2\repository\org\apache\commons\commons-math3\3.6.1\commons-math3-3.6.1.jar;C:\Users\vikas\.m2\repository\com\zaxxer\SparseBitSet\1.3\SparseBitSet-1.3.jar;C:\Users\vikas\.m2\repository\org\apache\poi\poi-ooxml\5.5.1\poi-ooxml-5.5.1.jar;C:\Users\vikas\.m2\repository\org\apache\poi\poi-ooxml-lite\5.5.1\poi-ooxml-lite-5.5.1.jar;C:\Users\vikas\.m2\repository\org\apache\xmlbeans\xmlbeans\5.3.0\xmlbeans-5.3.0.jar;C:\Users\vikas\.m2\repository\org\apache\commons\commons-compress\1.28.0\commons-compress-1.28.0.jar;C:\Users\vikas\.m2\repository\com\github\virtuald\curvesapi\1.08\curvesapi-1.08.jar;C:\Users\vikas\.m2\repository\org\apache\logging\log4j\log4j-core\2.26.0\log4j-core-2.26.0.jar;C:\Users\vikas\.m2\repository\org\apache\logging\log4j\log4j-api\2.26.0\log4j-api-2.26.0.jar;C:\Users\vikas\.m2\repository\org\testng\testng\7.12.0\testng-7.12.0.jar;C:\Users\vikas\.m2\repository\org\slf4j\slf4j-api\2.0.16\slf4j-api-2.0.16.jar;C:\Users\vikas\.m2\repository\org\jcommander\jcommander\1.83\jcommander-1.83.jar;C:\Users\vikas\.m2\repository\org\webjars\jquery\3.7.1\jquery-3.7.1.jar;C:\Users\vikas\.m2\repository\com\aventstack\extentreports\5.1.2\extentreports-5.1.2.jar;C:\Users\vikas\.m2\repository\io\reactivex\rxjava3\rxjava\3.1.6\rxjava-3.1.6.jar;C:\Users\vikas\.m2\repository\org\reactivestreams\reactive-streams\1.0.4\reactive-streams-1.0.4.jar;C:\Users\vikas\.m2\repository\org\freemarker\freemarker\2.3.32\freemarker-2.3.32.jar;C:\Users\vikas\.m2\repository\org\projectlombok\lombok\1.18.26\lombok-1.18.26.jar;C:\Users\vikas\.m2\repository\com\google\code\gson\gson\2.10.1\gson-2.10.1.jar;C:\Users\vikas\.m2\repository\commons-io\commons-io\2.22.0\commons-io-2.22.0.jar;C:\Users\vikas\.m2\repository\org\apache\commons\commons-lang3\3.20.0\commons-lang3-3.20.0.jar
Launcher Type: SUN_STANDARD

[Global flags]
     intx CICompilerCount                          = 3                                         {product} {ergonomic}
     uint ConcGCThreads                            = 1                                         {product} {ergonomic}
     uint G1ConcRefinementThreads                  = 4                                         {product} {ergonomic}
   size_t G1HeapRegionSize                         = 1048576                                   {product} {ergonomic}
    uintx GCDrainStackTargetSize                   = 64                                        {product} {ergonomic}
   size_t InitialHeapSize                          = 132120576                                 {product} {ergonomic}
   size_t MarkStackSize                            = 4194304                                   {product} {ergonomic}
   size_t MaxHeapSize                              = 2105540608                                {product} {ergonomic}
   size_t MaxNewSize                               = 1262485504                                {product} {ergonomic}
   size_t MinHeapDeltaBytes                        = 1048576                                   {product} {ergonomic}
   size_t MinHeapSize                              = 8388608                                   {product} {ergonomic}
    uintx NonNMethodCodeHeapSize                   = 5832780                                {pd product} {ergonomic}
    uintx NonProfiledCodeHeapSize                  = 122912730                              {pd product} {ergonomic}
    uintx ProfiledCodeHeapSize                     = 122912730                              {pd product} {ergonomic}
    uintx ReservedCodeCacheSize                    = 251658240                              {pd product} {ergonomic}
     bool SegmentedCodeCache                       = true                                      {product} {ergonomic}
     bool ShowCodeDetailsInExceptionMessages       = true                                   {manageable} {command line}
   size_t SoftMaxHeapSize                          = 2105540608                             {manageable} {ergonomic}
     bool UseCompressedOops                        = true                           {product lp64_product} {ergonomic}
     bool UseG1GC                                  = true                                      {product} {ergonomic}
     bool UseLargePagesIndividualAllocation        = false                                  {pd product} {ergonomic}

Logging:
Log output configuration:
 #0: stdout all=warning uptime,level,tags foldmultilines=false
 #1: stderr all=off uptime,level,tags foldmultilines=false

Release file:
JAVA_VERSION="21.0.10" 
MODULES="java.base java.compiler java.datatransfer java.xml java.prefs java.desktop java.instrument java.logging java.management java.security.sasl java.naming java.rmi java.management.rmi java.net.http java.scripting java.security.jgss java.transaction.xa java.sql java.sql.rowset java.xml.crypto java.se java.smartcardio jdk.accessibility jdk.internal.jvmstat jdk.attach jdk.charsets jdk.internal.opt jdk.zipfs jdk.compiler jdk.crypto.ec jdk.crypto.cryptoki jdk.crypto.mscapi jdk.dynalink jdk.internal.ed jdk.editpad jdk.hotspot.agent jdk.httpserver jdk.internal.le jdk.internal.vm.ci jdk.internal.vm.compiler jdk.internal.vm.compiler.management jdk.jartool jdk.javadoc jdk.jcmd jdk.management jdk.management.agent jdk.jconsole jdk.jdeps jdk.jdwp.agent jdk.jdi jdk.jfr jdk.jshell jdk.jsobject jdk.jstatd jdk.localedata jdk.management.jfr jdk.naming.dns jdk.naming.rmi jdk.net jdk.nio.mapmode jdk.random jdk.sctp jdk.security.auth jdk.security.jgss jdk.unsupported jdk.unsupported.desktop jdk.xml.dom" 

Environment Variables:
JAVA_HOME=C:\Program Files\Java\jdk-21.0.10
PATH=C:/Users/vikas/.p2/pool/plugins/org.eclipse.justj.openjdk.hotspot.jre.full.win32.x86_64_21.0.10.v20260205-0638/jre/bin/server;C:/Users/vikas/.p2/pool/plugins/org.eclipse.justj.openjdk.hotspot.jre.full.win32.x86_64_21.0.10.v20260205-0638/jre/bin;C:\Program Files\Common Files\Oracle\Java\javapath;C:\Python314\Scripts\;C:\Python314\;C:\WINDOWS\system32;C:\WINDOWS;C:\WINDOWS\System32\Wbem;C:\WINDOWS\System32\WindowsPowerShell\v1.0\;C:\WINDOWS\System32\OpenSSH\;C:\Program Files\nodejs\;C:\ProgramData\chocolatey\bin;C:\Program Files\Microsoft SQL Server\Client SDK\ODBC\170\Tools\Binn\;C:\Program Files (x86)\Microsoft SQL Server\150\Tools\Binn\;C:\Program Files\Microsoft SQL Server\150\Tools\Binn\;C:\Program Files\Microsoft SQL Server\150\DTS\Binn\;C:\Program Files\Git\cmd;C:\Program Files (x86)\Microsoft SQL Server\160\Tools\Binn\;C:\Program Files\Microsoft SQL Server\160\Tools\Binn\;C:\Program Files\Microsoft SQL Server\160\DTS\Binn\;C:\Program Files\Java\jdk-21.0.10\bin;C:\Program Files\Apache\Maven\bin;C:\Program Files\dotnet\;C:\Users\vikas\AppData\Local\Microsoft\WindowsApps;C:\Users\vikas\AppData\Roaming\npm;C:\Users\vikas\AppData\Local\Programs\Microsoft VS Code\bin;C:\Users\vikas\AppData\Local\GitHubDesktop\bin;C:\WINDOWS\system32;
USERNAME=vikas
OS=Windows_NT
PROCESSOR_IDENTIFIER=Intel64 Family 6 Model 142 Stepping 12, GenuineIntel
TMP=C:\Users\vikas\AppData\Local\Temp
TEMP=C:\Users\vikas\AppData\Local\Temp




Periodic native trim disabled

---------------  S Y S T E M  ---------------

OS:
 Windows 11 , 64 bit Build 26100 (10.0.26100.8521)
OS uptime: 0 days 20:16 hours
Hyper-V role detected

CPU: total 4 (initial active 4) (2 cores per cpu, 2 threads per core) family 6 model 142 stepping 12 microcode 0xea, cx8, cmov, fxsr, ht, mmx, 3dnowpref, sse, sse2, sse3, ssse3, sse4.1, sse4.2, popcnt, lzcnt, tsc, tscinvbit, avx, avx2, aes, erms, clmul, bmi1, bmi2, adx, fma, vzeroupper, clflush, clflushopt, hv, rdtscp, f16c
Processor Information for processor 0
  Max Mhz: 2592, Current Mhz: 1495, Mhz Limit: 2073
Processor Information for processor 1
  Max Mhz: 2592, Current Mhz: 2093, Mhz Limit: 2073
Processor Information for processor 2
  Max Mhz: 2592, Current Mhz: 1495, Mhz Limit: 2073
Processor Information for processor 3
  Max Mhz: 2592, Current Mhz: 1495, Mhz Limit: 2073

Memory: 4k page, system-wide physical 8026M (742M free)
TotalPageFile size 20286M (AvailPageFile size 3M)
current process WorkingSet (physical memory assigned to process): 158M, peak: 158M
current process commit charge ("private bytes"): 183M, peak: 250M

vm_info: OpenJDK 64-Bit Server VM (21.0.10+7-LTS) for windows-amd64 JRE (21.0.10+7-LTS), built on 2026-01-20T00:00:00Z by "admin" with MS VC++ 17.12 (VS2022)

END.
